
2024/09/09 (12:47:50) | ===> btop++ v.1.3.2
2024/09/09 (12:47:50) | WARNING: No UTF-8 locale detected! Forcing start with --utf-force argument.

2024/09/09 (22:26:47) | ===> btop++ v.1.3.2
2024/09/09 (22:26:47) | WARNING: No UTF-8 locale detected! Forcing start with --utf-force argument.

2024/09/10 (09:34:57) | ===> btop++ v.1.3.2
2024/09/10 (09:34:57) | WARNING: No UTF-8 locale detected! Forcing start with --utf-force argument.

2024/09/10 (18:29:15) | ===> btop++ v.1.3.2
2024/09/10 (18:29:15) | WARNING: No UTF-8 locale detected! Forcing start with --utf-force argument.

2024/09/10 (21:04:11) | ===> btop++ v.1.3.2
2024/09/10 (21:04:11) | WARNING: No UTF-8 locale detected! Forcing start with --utf-force argument.

2024/09/10 (21:17:51) | ===> btop++ v.1.3.2
2024/09/10 (21:17:51) | ERROR: No UTF-8 locale detected!
Use --utf-force argument to force start if you're sure your terminal can handle it.

2024/09/11 (11:56:12) | ===> btop++ v.1.3.2
2024/09/11 (11:56:12) | WARNING: No UTF-8 locale detected! Forcing start with --utf-force argument.

2024/09/12 (16:33:28) | ===> btop++ v.1.3.2
2024/09/12 (16:33:28) | WARNING: No UTF-8 locale detected! Forcing start with --utf-force argument.

2024/09/12 (16:36:05) | ===> btop++ v.1.3.2
2024/09/12 (16:36:05) | WARNING: No UTF-8 locale detected! Forcing start with --utf-force argument.

2024/09/15 (09:36:34) | ===> btop++ v.1.3.2
2024/09/15 (09:36:34) | WARNING: No UTF-8 locale detected! Forcing start with --utf-force argument.

2024/09/15 (22:18:43) | ===> btop++ v.1.3.2
2024/09/15 (22:18:43) | WARNING: No UTF-8 locale detected! Forcing start with --utf-force argument.

2024/09/15 (22:42:39) | ===> btop++ v.1.3.2
2024/09/15 (22:42:39) | WARNING: No UTF-8 locale detected! Forcing start with --utf-force argument.

2024/09/15 (22:43:17) | ===> btop++ v.1.3.2
2024/09/15 (22:43:17) | WARNING: No UTF-8 locale detected! Forcing start with --utf-force argument.

2024/09/17 (16:40:54) | ===> btop++ v.1.3.2
2024/09/17 (16:40:54) | WARNING: No UTF-8 locale detected! Forcing start with --utf-force argument.

2024/09/18 (13:56:06) | ===> btop++ v.1.3.2
2024/09/18 (13:56:06) | WARNING: No UTF-8 locale detected! Forcing start with --utf-force argument.

2024/09/19 (19:58:10) | ===> btop++ v.1.3.2
2024/09/19 (19:58:10) | WARNING: No UTF-8 locale detected! Forcing start with --utf-force argument.

2024/09/21 (10:30:01) | ===> btop++ v.1.3.2
2024/09/21 (10:30:01) | WARNING: No UTF-8 locale detected! Forcing start with --utf-force argument.

2024/09/22 (13:36:42) | ===> btop++ v.1.3.2
2024/09/22 (13:36:42) | WARNING: No UTF-8 locale detected! Forcing start with --utf-force argument.

2024/11/15 (22:27:17) | ===> btop++ v.1.4.0
2024/11/15 (22:27:17) | ERROR: No UTF-8 locale detected!
Use --utf-force argument to force start if you're sure your terminal can handle it.

2024/11/15 (22:27:26) | ===> btop++ v.1.4.0
2024/11/15 (22:27:26) | ERROR: No UTF-8 locale detected!
Use --utf-force argument to force start if you're sure your terminal can handle it.

2024/11/15 (22:27:29) | ===> btop++ v.1.4.0
2024/11/15 (22:27:29) | WARNING: No UTF-8 locale detected! Forcing start with --utf-force argument.
2024/11/15 (22:27:29) | WARNING: Intel GPU: Failed to initialize PMU

2024/11/16 (18:22:44) | ===> btop++ v.1.4.0
2024/11/16 (18:22:44) | WARNING: No UTF-8 locale detected! Forcing start with --utf-force argument.
2024/11/16 (18:22:44) | WARNING: Intel GPU: Failed to initialize PMU

2024/11/17 (07:42:11) | ===> btop++ v.1.4.0
2024/11/17 (07:42:11) | WARNING: No UTF-8 locale detected! Forcing start with --utf-force argument.
2024/11/17 (07:42:11) | WARNING: Intel GPU: Failed to initialize PMU

2024/11/18 (14:20:47) | ===> btop++ v.1.4.0
2024/11/18 (14:20:47) | WARNING: No UTF-8 locale detected! Forcing start with --utf-force argument.
2024/11/18 (14:20:47) | WARNING: Intel GPU: Failed to initialize PMU

2024/11/19 (17:50:38) | ===> btop++ v.1.4.0
2024/11/19 (17:50:38) | WARNING: No UTF-8 locale detected! Forcing start with --utf-force argument.
2024/11/19 (17:50:38) | WARNING: Intel GPU: Failed to initialize PMU

2024/11/20 (10:40:31) | ===> btop++ v.1.4.0
2024/11/20 (10:40:31) | WARNING: No UTF-8 locale detected! Forcing start with --utf-force argument.
2024/11/20 (10:40:31) | WARNING: Intel GPU: Failed to initialize PMU

2024/11/20 (22:15:40) | ===> btop++ v.1.4.0
2024/11/20 (22:15:40) | WARNING: No UTF-8 locale detected! Forcing start with --utf-force argument.
2024/11/20 (22:15:40) | WARNING: Intel GPU: Failed to initialize PMU

2024/11/23 (16:55:55) | ===> btop++ v.1.4.0
2024/11/23 (16:55:55) | ERROR: No UTF-8 locale detected!
Use --utf-force argument to force start if you're sure your terminal can handle it.

2024/11/23 (16:55:55) | ===> btop++ v.1.4.0
2024/11/23 (16:55:55) | ERROR: No UTF-8 locale detected!
Use --utf-force argument to force start if you're sure your terminal can handle it.

2024/11/26 (06:36:46) | ===> btop++ v.1.4.0
2024/11/26 (06:36:46) | WARNING: No UTF-8 locale detected! Forcing start with --utf-force argument.
2024/11/26 (06:36:46) | WARNING: Intel GPU: Failed to initialize PMU

2024/11/26 (07:14:19) | ===> btop++ v.1.4.0
2024/11/26 (07:14:19) | WARNING: No UTF-8 locale detected! Forcing start with --utf-force argument.
2024/11/26 (07:14:19) | WARNING: Intel GPU: Failed to initialize PMU

2024/11/26 (22:09:58) | ===> btop++ v.1.4.0
2024/11/26 (22:09:58) | ERROR: No UTF-8 locale detected!
Use --utf-force argument to force start if you're sure your terminal can handle it.

2024/11/26 (22:10:03) | ===> btop++ v.1.4.0
2024/11/26 (22:10:03) | WARNING: No UTF-8 locale detected! Forcing start with --utf-force argument.
2024/11/26 (22:10:03) | WARNING: Intel GPU: Failed to initialize PMU

2024/11/28 (16:34:30) | ===> btop++ v.1.4.0
2024/11/28 (16:34:30) | WARNING: No UTF-8 locale detected! Forcing start with --utf-force argument.
2024/11/28 (16:34:30) | WARNING: Intel GPU: Failed to initialize PMU

2024/11/28 (16:49:40) | ===> btop++ v.1.4.0
2024/11/28 (16:49:40) | WARNING: No UTF-8 locale detected! Forcing start with --utf-force argument.
2024/11/28 (16:49:40) | WARNING: Intel GPU: Failed to initialize PMU

2024/11/28 (17:37:33) | ===> btop++ v.1.4.0
2024/11/28 (17:37:33) | WARNING: No UTF-8 locale detected! Forcing start with --utf-force argument.
2024/11/28 (17:37:33) | WARNING: Intel GPU: Failed to initialize PMU

2024/11/29 (18:27:57) | ===> btop++ v.1.4.0
2024/11/29 (18:27:57) | WARNING: No UTF-8 locale detected! Forcing start with --utf-force argument.
2024/11/29 (18:27:57) | WARNING: Intel GPU: Failed to initialize PMU

2024/11/30 (17:10:40) | ===> btop++ v.1.4.0
2024/11/30 (17:10:40) | WARNING: No UTF-8 locale detected! Forcing start with --utf-force argument.
2024/11/30 (17:10:40) | WARNING: Intel GPU: Failed to initialize PMU

2024/12/02 (22:24:57) | ===> btop++ v.1.4.0
2024/12/02 (22:24:57) | ERROR: No UTF-8 locale detected!
Use --utf-force argument to force start if you're sure your terminal can handle it.

2024/12/02 (22:25:03) | ===> btop++ v.1.4.0
2024/12/02 (22:25:03) | WARNING: No UTF-8 locale detected! Forcing start with --utf-force argument.
2024/12/02 (22:25:03) | WARNING: Intel GPU: Failed to initialize PMU

2024/12/02 (22:34:02) | ===> btop++ v.1.4.0
2024/12/02 (22:34:02) | WARNING: No UTF-8 locale detected! Forcing start with --utf-force argument.
2024/12/02 (22:34:02) | WARNING: Intel GPU: Failed to initialize PMU

2024/12/03 (17:05:24) | ===> btop++ v.1.4.0
2024/12/03 (17:05:24) | WARNING: No UTF-8 locale detected! Forcing start with --utf-force argument.
2024/12/03 (17:05:24) | WARNING: Intel GPU: Failed to initialize PMU

2024/12/04 (21:52:14) | ===> btop++ v.1.4.0
2024/12/04 (21:52:14) | WARNING: No UTF-8 locale detected! Forcing start with --utf-force argument.
2024/12/04 (21:52:14) | WARNING: Intel GPU: Failed to initialize PMU

2024/12/04 (22:13:43) | ===> btop++ v.1.4.0
2024/12/04 (22:13:43) | ERROR: No UTF-8 locale detected!
Use --utf-force argument to force start if you're sure your terminal can handle it.

2024/12/04 (22:13:46) | ===> btop++ v.1.4.0
2024/12/04 (22:13:46) | WARNING: No UTF-8 locale detected! Forcing start with --utf-force argument.
2024/12/04 (22:13:46) | WARNING: Intel GPU: Failed to initialize PMU

2024/12/05 (07:45:46) | ===> btop++ v.1.4.0
2024/12/05 (07:45:46) | WARNING: No UTF-8 locale detected! Forcing start with --utf-force argument.
2024/12/05 (07:45:46) | WARNING: Intel GPU: Failed to initialize PMU

2024/12/07 (18:32:05) | ===> btop++ v.1.4.0
2024/12/07 (18:32:05) | WARNING: No UTF-8 locale detected! Forcing start with --utf-force argument.
2024/12/07 (18:32:05) | WARNING: Intel GPU: Failed to initialize PMU

2024/12/09 (09:37:08) | ===> btop++ v.1.4.0
2024/12/09 (09:37:08) | WARNING: No UTF-8 locale detected! Forcing start with --utf-force argument.
2024/12/09 (09:37:08) | WARNING: Intel GPU: Failed to initialize PMU

2024/12/12 (11:36:08) | ===> btop++ v.1.4.0
2024/12/12 (11:36:08) | ERROR: No UTF-8 locale detected!
Use --utf-force argument to force start if you're sure your terminal can handle it.

2024/12/12 (11:36:29) | ===> btop++ v.1.4.0
2024/12/12 (11:36:29) | ERROR: No UTF-8 locale detected!
Use --utf-force argument to force start if you're sure your terminal can handle it.

2024/12/12 (11:36:34) | ===> btop++ v.1.4.0
2024/12/12 (11:36:34) | WARNING: Intel GPU: Failed to initialize PMU

2024/12/14 (22:57:11) | ===> btop++ v.1.4.0
2024/12/14 (22:57:11) | WARNING: Intel GPU: Failed to initialize PMU

2024/12/17 (21:05:19) | ===> btop++ v.1.4.0
2024/12/17 (21:05:19) | WARNING: Intel GPU: Failed to initialize PMU

2024/12/22 (09:50:14) | ===> btop++ v.1.4.0
2024/12/22 (09:50:14) | WARNING: Intel GPU: Failed to initialize PMU

2024/12/25 (07:27:51) | ===> btop++ v.1.4.0
2024/12/25 (07:27:51) | WARNING: Intel GPU: Failed to initialize PMU

2024/12/25 (13:23:57) | ===> btop++ v.1.4.0
2024/12/25 (13:23:57) | WARNING: Intel GPU: Failed to initialize PMU

2024/12/25 (13:24:30) | ===> btop++ v.1.4.0
2024/12/25 (13:24:30) | WARNING: Intel GPU: Failed to initialize PMU

2024/12/26 (18:07:46) | ===> btop++ v.1.4.0
2024/12/26 (18:07:46) | WARNING: Intel GPU: Failed to initialize PMU

2024/12/26 (18:09:57) | ===> btop++ v.1.4.0
2024/12/26 (18:09:57) | WARNING: Intel GPU: Failed to initialize PMU

2024/12/28 (21:59:05) | ===> btop++ v.1.4.0
2024/12/28 (21:59:05) | ERROR: No UTF-8 locale detected!
Use --utf-force argument to force start if you're sure your terminal can handle it.

2024/12/28 (21:59:14) | ===> btop++ v.1.4.0
2024/12/28 (21:59:14) | WARNING: No UTF-8 locale detected! Forcing start with --utf-force argument.
2024/12/28 (21:59:14) | WARNING: Intel GPU: Failed to initialize PMU

2024/12/29 (10:54:14) | ===> btop++ v.1.4.0
2024/12/29 (10:54:14) | ERROR: No UTF-8 locale detected!
Use --utf-force argument to force start if you're sure your terminal can handle it.

2024/12/29 (10:54:16) | ===> btop++ v.1.4.0
2024/12/29 (10:54:16) | WARNING: No UTF-8 locale detected! Forcing start with --utf-force argument.
2024/12/29 (10:54:16) | WARNING: Intel GPU: Failed to initialize PMU

2024/12/29 (20:15:24) | ===> btop++ v.1.4.0
2024/12/29 (20:15:24) | ERROR: No UTF-8 locale detected!
Use --utf-force argument to force start if you're sure your terminal can handle it.

2024/12/29 (20:15:26) | ===> btop++ v.1.4.0
2024/12/29 (20:15:26) | WARNING: No UTF-8 locale detected! Forcing start with --utf-force argument.
2024/12/29 (20:15:26) | WARNING: Intel GPU: Failed to initialize PMU

2024/12/30 (12:44:51) | ===> btop++ v.1.4.0
2024/12/30 (12:44:51) | ERROR: No UTF-8 locale detected!
Use --utf-force argument to force start if you're sure your terminal can handle it.

2024/12/30 (12:44:53) | ===> btop++ v.1.4.0
2024/12/30 (12:44:53) | WARNING: No UTF-8 locale detected! Forcing start with --utf-force argument.
2024/12/30 (12:44:53) | WARNING: Intel GPU: Failed to initialize PMU

2024/12/31 (09:38:08) | ===> btop++ v.1.4.0
2024/12/31 (09:38:08) | WARNING: Intel GPU: Failed to initialize PMU

2024/12/31 (18:03:41) | ===> btop++ v.1.4.0
2024/12/31 (18:03:41) | ERROR: No UTF-8 locale detected!
Use --utf-force argument to force start if you're sure your terminal can handle it.

2024/12/31 (18:03:42) | ===> btop++ v.1.4.0
2024/12/31 (18:03:42) | WARNING: No UTF-8 locale detected! Forcing start with --utf-force argument.
2024/12/31 (18:03:42) | WARNING: Intel GPU: Failed to initialize PMU

2024/12/31 (18:04:14) | ===> btop++ v.1.4.0
2024/12/31 (18:04:14) | ERROR: No UTF-8 locale detected!
Use --utf-force argument to force start if you're sure your terminal can handle it.

2024/12/31 (18:04:19) | ===> btop++ v.1.4.0
2024/12/31 (18:04:19) | WARNING: No UTF-8 locale detected! Forcing start with --utf-force argument.
2024/12/31 (18:04:19) | WARNING: Intel GPU: Failed to initialize PMU

2025/01/01 (12:55:29) | ===> btop++ v.1.4.0
2025/01/01 (12:55:29) | WARNING: No UTF-8 locale detected! Forcing start with --utf-force argument.
2025/01/01 (12:55:29) | WARNING: Intel GPU: Failed to initialize PMU

2025/01/01 (13:19:30) | ===> btop++ v.1.4.0
2025/01/01 (13:19:30) | WARNING: No UTF-8 locale detected! Forcing start with --utf-force argument.
2025/01/01 (13:19:30) | WARNING: Intel GPU: Failed to initialize PMU

2025/01/01 (16:23:43) | ===> btop++ v.1.4.0
2025/01/01 (16:23:43) | WARNING: No UTF-8 locale detected! Forcing start with --utf-force argument.
2025/01/01 (16:23:43) | WARNING: Intel GPU: Failed to initialize PMU

2025/01/03 (20:33:55) | ===> btop++ v.1.4.0
2025/01/03 (20:33:55) | WARNING: No UTF-8 locale detected! Forcing start with --utf-force argument.
2025/01/03 (20:33:55) | WARNING: Intel GPU: Failed to initialize PMU

2025/01/07 (12:32:02) | ===> btop++ v.1.4.0
2025/01/07 (12:32:02) | ERROR: No UTF-8 locale detected!
Use --utf-force argument to force start if you're sure your terminal can handle it.

2025/01/07 (12:32:03) | ===> btop++ v.1.4.0
2025/01/07 (12:32:03) | WARNING: No UTF-8 locale detected! Forcing start with --utf-force argument.
2025/01/07 (12:32:03) | WARNING: Intel GPU: Failed to initialize PMU

2025/01/07 (12:40:57) | ===> btop++ v.1.4.0
2025/01/07 (12:40:57) | WARNING: No UTF-8 locale detected! Forcing start with --utf-force argument.
2025/01/07 (12:40:57) | WARNING: Intel GPU: Failed to initialize PMU

2025/01/08 (13:56:23) | ===> btop++ v.1.4.0
2025/01/08 (13:56:23) | WARNING: No UTF-8 locale detected! Forcing start with --utf-force argument.
2025/01/08 (13:56:23) | WARNING: Intel GPU: Failed to initialize PMU

2025/01/09 (08:45:05) | ===> btop++ v.1.4.0
2025/01/09 (08:45:05) | WARNING: No UTF-8 locale detected! Forcing start with --utf-force argument.
2025/01/09 (08:45:05) | WARNING: Intel GPU: Failed to initialize PMU

2025/01/09 (09:36:01) | ===> btop++ v.1.4.0
2025/01/09 (09:36:01) | WARNING: No UTF-8 locale detected! Forcing start with --utf-force argument.
2025/01/09 (09:36:01) | WARNING: Intel GPU: Failed to initialize PMU

2025/01/09 (09:39:24) | ===> btop++ v.1.4.0
2025/01/09 (09:39:24) | WARNING: No UTF-8 locale detected! Forcing start with --utf-force argument.
2025/01/09 (09:39:24) | WARNING: Intel GPU: Failed to initialize PMU

2025/01/12 (20:13:59) | ===> btop++ v.1.4.0
2025/01/12 (20:13:59) | WARNING: No UTF-8 locale detected! Forcing start with --utf-force argument.
2025/01/12 (20:13:59) | WARNING: Intel GPU: Failed to initialize PMU

2025/01/12 (20:14:21) | ===> btop++ v.1.4.0
2025/01/12 (20:14:21) | ERROR: No UTF-8 locale detected!
Use --utf-force argument to force start if you're sure your terminal can handle it.

2025/01/12 (20:14:45) | ===> btop++ v.1.4.0
2025/01/12 (20:14:45) | ERROR: No UTF-8 locale detected!
Use --utf-force argument to force start if you're sure your terminal can handle it.

2025/01/12 (21:47:09) | ===> btop++ v.1.4.0
2025/01/12 (21:47:09) | WARNING: No UTF-8 locale detected! Forcing start with --utf-force argument.
2025/01/12 (21:47:09) | WARNING: Intel GPU: Failed to initialize PMU

2025/01/12 (21:51:12) | ===> btop++ v.1.4.0
2025/01/12 (21:51:12) | WARNING: No UTF-8 locale detected! Forcing start with --utf-force argument.
2025/01/12 (21:51:12) | WARNING: Intel GPU: Failed to initialize PMU

2025/01/13 (18:59:23) | ===> btop++ v.1.4.0
2025/01/13 (18:59:23) | WARNING: No UTF-8 locale detected! Forcing start with --utf-force argument.
2025/01/13 (18:59:23) | WARNING: Intel GPU: Failed to initialize PMU

2025/01/25 (11:59:12) | ===> btop++ v.1.4.0
2025/01/25 (11:59:12) | ERROR: No UTF-8 locale detected!
Use --utf-force argument to force start if you're sure your terminal can handle it.

2025/01/25 (11:59:20) | ===> btop++ v.1.4.0
2025/01/25 (11:59:20) | WARNING: No UTF-8 locale detected! Forcing start with --utf-force argument.
2025/01/25 (11:59:20) | WARNING: Intel GPU: Failed to initialize PMU

2025/01/26 (09:36:29) | ===> btop++ v.1.4.0
2025/01/26 (09:36:29) | WARNING: No UTF-8 locale detected! Forcing start with --utf-force argument.
2025/01/26 (09:36:29) | WARNING: Intel GPU: Failed to initialize PMU

2025/01/28 (07:17:47) | ===> btop++ v.1.4.0
2025/01/28 (07:17:47) | WARNING: No UTF-8 locale detected! Forcing start with --utf-force argument.
2025/01/28 (07:17:47) | WARNING: Intel GPU: Failed to initialize PMU

2025/01/30 (20:15:37) | ===> btop++ v.1.4.0
2025/01/30 (20:15:37) | WARNING: No UTF-8 locale detected! Forcing start with --utf-force argument.
2025/01/30 (20:15:37) | WARNING: Intel GPU: Failed to initialize PMU

2025/02/03 (16:12:20) | ===> btop++ v.1.4.0
2025/02/03 (16:12:20) | WARNING: No UTF-8 locale detected! Forcing start with --utf-force argument.
2025/02/03 (16:12:20) | WARNING: Intel GPU: Failed to initialize PMU

2025/02/04 (11:08:30) | ===> btop++ v.1.4.0
2025/02/04 (11:08:30) | WARNING: No UTF-8 locale detected! Forcing start with --utf-force argument.
2025/02/04 (11:08:30) | WARNING: Intel GPU: Failed to initialize PMU

2025/02/04 (11:40:47) | ===> btop++ v.1.4.0
2025/02/04 (11:40:47) | WARNING: No UTF-8 locale detected! Forcing start with --utf-force argument.
2025/02/04 (11:40:47) | WARNING: Intel GPU: Failed to initialize PMU

2025/02/07 (10:02:49) | ===> btop++ v.1.4.0
2025/02/07 (10:02:49) | WARNING: No UTF-8 locale detected! Forcing start with --utf-force argument.
2025/02/07 (10:02:49) | WARNING: Intel GPU: Failed to initialize PMU

2025/02/11 (21:05:49) | ===> btop++ v.1.4.0
2025/02/11 (21:05:49) | ERROR: No UTF-8 locale detected!
Use --utf-force argument to force start if you're sure your terminal can handle it.

2025/02/11 (21:05:50) | ===> btop++ v.1.4.0
2025/02/11 (21:05:50) | WARNING: No UTF-8 locale detected! Forcing start with --utf-force argument.
2025/02/11 (21:05:50) | WARNING: Intel GPU: Failed to initialize PMU

2025/02/14 (12:02:45) | ===> btop++ v.1.4.0
2025/02/14 (12:02:45) | WARNING: No UTF-8 locale detected! Forcing start with --utf-force argument.
2025/02/14 (12:02:45) | WARNING: Intel GPU: Failed to initialize PMU

2025/02/15 (22:20:17) | ===> btop++ v.1.4.0
2025/02/15 (22:20:17) | WARNING: No UTF-8 locale detected! Forcing start with --utf-force argument.
2025/02/15 (22:20:17) | WARNING: Intel GPU: Failed to initialize PMU

2025/02/16 (11:16:23) | ===> btop++ v.1.4.0
2025/02/16 (11:16:23) | WARNING: No UTF-8 locale detected! Forcing start with --utf-force argument.
2025/02/16 (11:16:23) | WARNING: Intel GPU: Failed to initialize PMU

2025/02/17 (09:39:30) | ===> btop++ v.1.4.0
2025/02/17 (09:39:30) | WARNING: No UTF-8 locale detected! Forcing start with --utf-force argument.
2025/02/17 (09:39:30) | WARNING: Intel GPU: Failed to initialize PMU

2025/02/17 (09:40:18) | ===> btop++ v.1.4.0
2025/02/17 (09:40:18) | WARNING: No UTF-8 locale detected! Forcing start with --utf-force argument.
2025/02/17 (09:40:18) | WARNING: Intel GPU: Failed to initialize PMU

2025/02/20 (07:16:01) | ===> btop++ v.1.4.0
2025/02/20 (07:16:01) | WARNING: No UTF-8 locale detected! Forcing start with --utf-force argument.
2025/02/20 (07:16:01) | WARNING: Intel GPU: Failed to initialize PMU

2025/02/27 (06:59:24) | ===> btop++ v.1.4.0
2025/02/27 (06:59:24) | WARNING: No UTF-8 locale detected! Forcing start with --utf-force argument.
2025/02/27 (06:59:24) | WARNING: Intel GPU: Failed to initialize PMU

2025/02/28 (10:05:18) | ===> btop++ v.1.4.0
2025/02/28 (10:05:18) | WARNING: No UTF-8 locale detected! Forcing start with --utf-force argument.
2025/02/28 (10:05:18) | WARNING: Intel GPU: Failed to initialize PMU

2025/03/04 (16:08:54) | ===> btop++ v.1.4.0
2025/03/04 (16:08:54) | WARNING: No UTF-8 locale detected! Forcing start with --utf-force argument.
2025/03/04 (16:08:54) | WARNING: Intel GPU: Failed to initialize PMU
2025/03/04 (16:09:23) | WARNING: Failed to join _runner thread on exit!

2025/03/19 (19:27:33) | ===> btop++ v.1.4.0
2025/03/19 (19:27:33) | WARNING: No UTF-8 locale detected! Forcing start with --utf-force argument.
2025/03/19 (19:27:33) | WARNING: Intel GPU: Failed to initialize PMU

2025/03/27 (16:02:14) | ===> btop++ v.1.4.0
2025/03/27 (16:02:14) | WARNING: No UTF-8 locale detected! Forcing start with --utf-force argument.
2025/03/27 (16:02:14) | WARNING: Intel GPU: Failed to initialize PMU

2025/03/27 (16:05:36) | ===> btop++ v.1.4.0
2025/03/27 (16:05:36) | WARNING: No UTF-8 locale detected! Forcing start with --utf-force argument.
2025/03/27 (16:05:36) | WARNING: Intel GPU: Failed to initialize PMU

2025/04/01 (08:54:57) | ===> btop++ v.1.4.0
2025/04/01 (08:54:57) | WARNING: No UTF-8 locale detected! Forcing start with --utf-force argument.
2025/04/01 (08:54:57) | WARNING: Intel GPU: Failed to initialize PMU

2025/04/02 (18:52:44) | ===> btop++ v.1.4.0
2025/04/02 (18:52:44) | WARNING: No UTF-8 locale detected! Forcing start with --utf-force argument.
2025/04/02 (18:52:44) | WARNING: Intel GPU: Failed to initialize PMU
2025/04/02 (18:53:07) | WARNING: Failed to join _runner thread on exit!

2025/04/05 (06:26:55) | ===> btop++ v.1.4.0
2025/04/05 (06:26:55) | WARNING: No UTF-8 locale detected! Forcing start with --utf-force argument.
2025/04/05 (06:26:55) | WARNING: Intel GPU: Failed to initialize PMU

2025/04/06 (16:34:18) | ===> btop++ v.1.4.0
2025/04/06 (16:34:18) | WARNING: No UTF-8 locale detected! Forcing start with --utf-force argument.
2025/04/06 (16:34:18) | WARNING: Intel GPU: Failed to initialize PMU
2025/04/06 (16:35:35) | ERROR: Couldn't determine terminal size of "STDOUT_FILENO"!

2025/04/10 (08:14:58) | ===> btop++ v.1.4.0
2025/04/10 (08:14:58) | WARNING: No UTF-8 locale detected! Forcing start with --utf-force argument.
2025/04/10 (08:14:58) | WARNING: Intel GPU: Failed to initialize PMU

2025/04/10 (09:40:36) | ===> btop++ v.1.4.0
2025/04/10 (09:40:36) | WARNING: No UTF-8 locale detected! Forcing start with --utf-force argument.
2025/04/10 (09:40:36) | WARNING: Intel GPU: Failed to initialize PMU

2025/04/10 (13:23:42) | ===> btop++ v.1.4.0
2025/04/10 (13:23:42) | WARNING: No UTF-8 locale detected! Forcing start with --utf-force argument.
2025/04/10 (13:23:42) | WARNING: Intel GPU: Failed to initialize PMU

2025/04/10 (13:28:09) | ===> btop++ v.1.4.0
2025/04/10 (13:28:09) | WARNING: No UTF-8 locale detected! Forcing start with --utf-force argument.
2025/04/10 (13:28:09) | WARNING: Intel GPU: Failed to initialize PMU

2025/04/10 (13:32:20) | ===> btop++ v.1.4.0
2025/04/10 (13:32:20) | WARNING: No UTF-8 locale detected! Forcing start with --utf-force argument.
2025/04/10 (13:32:20) | WARNING: Intel GPU: Failed to initialize PMU

2025/04/11 (11:45:30) | ===> btop++ v.1.4.0
2025/04/11 (11:45:30) | WARNING: No UTF-8 locale detected! Forcing start with --utf-force argument.
2025/04/11 (11:45:30) | WARNING: Intel GPU: Failed to initialize PMU

2025/04/12 (16:26:22) | ===> btop++ v.1.4.0
2025/04/12 (16:26:22) | WARNING: No UTF-8 locale detected! Forcing start with --utf-force argument.
2025/04/12 (16:26:22) | WARNING: Intel GPU: Failed to initialize PMU

2025/04/14 (10:50:40) | ===> btop++ v.1.4.0
2025/04/14 (10:50:40) | WARNING: No UTF-8 locale detected! Forcing start with --utf-force argument.
2025/04/14 (10:50:40) | WARNING: Intel GPU: Failed to initialize PMU

2025/04/14 (17:02:32) | ===> btop++ v.1.4.0
2025/04/14 (17:02:32) | WARNING: No UTF-8 locale detected! Forcing start with --utf-force argument.
2025/04/14 (17:02:32) | WARNING: Intel GPU: Failed to initialize PMU

2025/04/15 (19:45:33) | ===> btop++ v.1.4.0
2025/04/15 (19:45:33) | WARNING: No UTF-8 locale detected! Forcing start with --utf-force argument.
2025/04/15 (19:45:33) | WARNING: Intel GPU: Failed to initialize PMU

2025/04/15 (21:42:14) | ===> btop++ v.1.4.0
2025/04/15 (21:42:14) | ERROR: No UTF-8 locale detected!
Use --utf-force argument to force start if you're sure your terminal can handle it.

2025/04/15 (21:42:16) | ===> btop++ v.1.4.0
2025/04/15 (21:42:16) | WARNING: No UTF-8 locale detected! Forcing start with --utf-force argument.
2025/04/15 (21:42:16) | WARNING: Intel GPU: Failed to initialize PMU
2025/04/15 (21:42:28) | WARNING: Failed to join _runner thread on exit!

2025/04/19 (20:47:23) | ===> btop++ v.1.4.0
2025/04/19 (20:47:23) | WARNING: No UTF-8 locale detected! Forcing start with --utf-force argument.
2025/04/19 (20:47:23) | WARNING: Intel GPU: Failed to initialize PMU

2025/04/19 (20:48:22) | ===> btop++ v.1.4.0
2025/04/19 (20:48:22) | WARNING: No UTF-8 locale detected! Forcing start with --utf-force argument.
2025/04/19 (20:48:22) | WARNING: Intel GPU: Failed to initialize PMU

2025/04/19 (21:26:03) | ===> btop++ v.1.4.0
2025/04/19 (21:26:03) | WARNING: No UTF-8 locale detected! Forcing start with --utf-force argument.
2025/04/19 (21:26:03) | WARNING: Intel GPU: Failed to initialize PMU

2025/04/27 (16:52:31) | ===> btop++ v.1.4.0
2025/04/27 (16:52:31) | WARNING: No UTF-8 locale detected! Forcing start with --utf-force argument.
2025/04/27 (16:52:31) | WARNING: Intel GPU: Failed to initialize PMU

2025/04/27 (16:52:49) | ===> btop++ v.1.4.0
2025/04/27 (16:52:49) | WARNING: No UTF-8 locale detected! Forcing start with --utf-force argument.
2025/04/27 (16:52:49) | WARNING: Intel GPU: Failed to initialize PMU

2025/05/05 (16:30:12) | ===> btop++ v.1.4.0
2025/05/05 (16:30:12) | WARNING: No UTF-8 locale detected! Forcing start with --utf-force argument.
2025/05/05 (16:30:12) | WARNING: Intel GPU: Failed to initialize PMU

2025/05/27 (11:09:51) | ===> btop++ v.1.4.0
2025/05/27 (11:09:51) | WARNING: No UTF-8 locale detected! Forcing start with --utf-force argument.
2025/05/27 (11:09:51) | WARNING: Intel GPU: Failed to initialize PMU

2025/05/27 (12:36:03) | ===> btop++ v.1.4.0
2025/05/27 (12:36:03) | WARNING: No UTF-8 locale detected! Forcing start with --utf-force argument.
2025/05/27 (12:36:03) | WARNING: Intel GPU: Failed to initialize PMU

2025/06/05 (10:28:41) | ===> btop++ v.1.4.0
2025/06/05 (10:28:41) | WARNING: No UTF-8 locale detected! Forcing start with --utf-force argument.
2025/06/05 (10:28:41) | WARNING: Intel GPU: Failed to initialize PMU

2025/06/06 (09:00:59) | ===> btop++ v.1.4.0
2025/06/06 (09:00:59) | WARNING: No UTF-8 locale detected! Forcing start with --utf-force argument.
2025/06/06 (09:00:59) | WARNING: Intel GPU: Failed to initialize PMU

2025/06/07 (11:05:35) | ===> btop++ v.1.4.0
2025/06/07 (11:05:35) | WARNING: No UTF-8 locale detected! Forcing start with --utf-force argument.
2025/06/07 (11:05:35) | WARNING: Intel GPU: Failed to initialize PMU

2025/06/07 (11:43:20) | ===> btop++ v.1.4.0
2025/06/07 (11:43:20) | WARNING: No UTF-8 locale detected! Forcing start with --utf-force argument.
2025/06/07 (11:43:20) | WARNING: Intel GPU: Failed to initialize PMU

2025/06/07 (18:16:30) | ===> btop++ v.1.4.0
2025/06/07 (18:16:30) | WARNING: No UTF-8 locale detected! Forcing start with --utf-force argument.
2025/06/07 (18:16:30) | WARNING: Intel GPU: Failed to initialize PMU

2025/06/09 (11:49:31) | ===> btop++ v.1.4.0
2025/06/09 (11:49:31) | WARNING: No UTF-8 locale detected! Forcing start with --utf-force argument.
2025/06/09 (11:49:31) | WARNING: Intel GPU: Failed to initialize PMU

2025/06/09 (18:23:59) | ===> btop++ v.1.4.0
2025/06/09 (18:23:59) | WARNING: No UTF-8 locale detected! Forcing start with --utf-force argument.
2025/06/09 (18:23:59) | WARNING: Intel GPU: Failed to initialize PMU

2025/06/10 (10:57:43) | ===> btop++ v.1.4.0
2025/06/10 (10:57:43) | WARNING: No UTF-8 locale detected! Forcing start with --utf-force argument.
2025/06/10 (10:57:43) | WARNING: Intel GPU: Failed to initialize PMU
